This is pdfTeX, Version 3.14159265-2.6-1.40.16 (TeX Live 2015/Debian) (preloaded format=pdflatex 2018.9.4)  30 JUN 2020 12:03
entering extended mode
 restricted \write18 enabled.
 %&-line parsing enabled.
**formula.tex
(./formula.tex
LaTeX2e <2016/02/01>
Babel <3.9q> and hyphenation patterns for 10 language(s) loaded.
)
*
(Please type a command or say `\end')
*?

! LaTeX Error: Missing \begin{document}.

See the LaTeX manual or LaTeX Companion for explanation.
Type  H <return>  for immediate help.
 ...                                              
                                                  
<*> ?
     
? H
You're in trouble here.  Try typing  <return>  to proceed.
If that doesn't work, type  X <return>  to quit.
? 
Missing character: There is no ? in font nullfont!

*

Overfull \hbox (20.0pt too wide) detected at line 0
[] 
 []

(Please type a command or say `\end')
*
(Please type a command or say `\end')
*
(Please type a command or say `\end')
*e

! LaTeX Error: Missing \begin{document}.

See the LaTeX manual or LaTeX Companion for explanation.
Type  H <return>  for immediate help.
 ...                                              
                                                  
<*> e
     
? e
Type <return> to proceed, S to scroll future error messages,
R to run without stopping, Q to run quietly,
I to insert something, 
1 or ... or 9 to ignore the next 1 to 9 tokens of input,
H for help, X to quit.
? 1

\GenericError  ...                      \endgroup 
                                                  
<*> e
     
? 2
<*> e
     
? 3

*4

*6
<*> 6
     
? 

*l
Missing character: There is no l in font nullfont!

*X
Missing character: There is no X in font nullfont!

*x
Missing character: There is no x in font nullfont!

*x
Missing character: There is no x in font nullfont!

*exit
Missing character: There is no e in font nullfont!
Missing character: There is no x in font nullfont!
Missing character: There is no i in font nullfont!
Missing character: There is no t in font nullfont!

*
! Interruption.
<*> 
    
? 

Overfull \hbox (20.0pt too wide) detected at line 0
[]
 []

(Please type a command or say `\end')
*
(Please type a command or say `\end')
*
! Interruption.
<*> 
    
? 
(Please type a command or say `\end')
*
! Interruption.
<*> 
    
? ^^[^^[
Type <return> to proceed, S to scroll future error messages,
R to run without stopping, Q to run quietly,
I to insert something, 
H for help, X to quit.
? R
OK, entering \nonstopmode...
! Emergency stop.
<*> 
    
*** (job aborted, no legal \end found)

 
Here is how much of TeX's memory you used:
 5 strings out of 494440
 134 string characters out of 6173199
 49359 words of memory out of 5000000
 3401 multiletter control sequences out of 15000+600000
 3640 words of font info for 14 fonts, out of 8000000 for 9000
 430 hyphenation exceptions out of 8191
 5i,0n,4p,6b,14s stack positions out of 5000i,500n,10000p,200000b,80000s
!  ==> Fatal error occurred, no output PDF file produced!
